<?xml version="1.0" encoding="UTF-8"?><testrun duration="3" footerText="Generated by PyCharm on 01/09/24, 9:00 am" name="">
    <count name="total" value="5"/>
    <count name="passed" value="5"/>
    <config configId="tests" name="">
        <module name="Library"/>
        <option name="ENV_FILES" value=""/>
        <option name="INTERPRETER_OPTIONS" value=""/>
        <option name="PARENT_ENVS" value="true"/>
        <option name="SDK_HOME" value="C:/Users/91812/Python/Library/.venv/Scripts/python.exe"/>
        <option name="WORKING_DIRECTORY" value="C:/Users/91812/Python/Library/test_report"/>
        <option name="IS_MODULE_SDK" value="true"/>
        <option name="ADD_CONTENT_ROOTS" value="true"/>
        <option name="ADD_SOURCE_ROOTS" value="true"/>
        <EXTENSION ID="PythonCoverageRunConfigurationExtension" runner="coverage.py"/>
        <option name="_new_additionalArguments" value="&quot;&quot;"/>
        <option name="_new_target" value="&quot;C:/Users/91812/Python/Library/test_report/test_file.py&quot;"/>
        <option name="_new_targetType" value="&quot;PATH&quot;"/>
        <method v="2"/>
    </config>
    <suite duration="3" locationUrl="python&lt;C:\Users\91812\Python\Library\test_report&gt;://test_file" name="test_file" status="passed">
        <suite duration="3" locationUrl="python&lt;C:\Users\91812\Python\Library\test_report&gt;://test_file.TestLibrarySystem" name="TestLibrarySystem" status="passed">
            <test duration="2" locationUrl="python&lt;C:\Users\91812\Python\Library\test_report&gt;://test_file.TestLibrarySystem.test_add_books" name="test_add_books" status="passed"/>
            <test duration="1" locationUrl="python&lt;C:\Users\91812\Python\Library\test_report&gt;://test_file.TestLibrarySystem.test_add_users" name="test_add_users" status="passed"/>
            <test duration="0" locationUrl="python&lt;C:\Users\91812\Python\Library\test_report&gt;://test_file.TestLibrarySystem.test_borrow_books" name="test_borrow_books" status="passed"/>
            <test duration="0" locationUrl="python&lt;C:\Users\91812\Python\Library\test_report&gt;://test_file.TestLibrarySystem.test_return_books" name="test_return_books" status="passed"/>
            <test duration="0" locationUrl="python&lt;C:\Users\91812\Python\Library\test_report&gt;://test_file.TestLibrarySystem.test_view_available_books" name="test_view_available_books" status="passed"/>
        </suite>
    </suite>
</testrun>
